%% Shift/Reduce conflict (shift 236, reduce 42) on 'T_ELSE' in state 269
%% Shift/Reduce conflict (shift 235, reduce 42) on 'T_ELSEIF' in state 269
%% Shift/Reduce conflict (shift 25, reduce 28) on 'T_BREAK' in state 266
%% Shift/Reduce conflict (shift 24, reduce 28) on 'T_COMMENT' in state 266
%% Shift/Reduce conflict (shift 23, reduce 28) on 'T_CONSTANT_ENCAPSED_STRING' in state 266
%% Shift/Reduce conflict (shift 22, reduce 28) on 'T_CONTINUE' in state 266
%% Shift/Reduce conflict (shift 21, reduce 28) on 'T_DEC' in state 266
%% Shift/Reduce conflict (shift 20, reduce 28) on 'T_DO' in state 266
%% Shift/Reduce conflict (shift 19, reduce 28) on 'T_ECHO' in state 266
%% Shift/Reduce conflict (shift 18, reduce 28) on 'T_FOR' in state 266
%% Shift/Reduce conflict (shift 16, reduce 28) on 'T_IF' in state 266
%% Shift/Reduce conflict (shift 15, reduce 28) on 'T_INC' in state 266
%% Shift/Reduce conflict (shift 14, reduce 28) on 'T_INLINE_HTML' in state 266
%% Shift/Reduce conflict (shift 13, reduce 28) on 'T_LNUMBER' in state 266
%% Shift/Reduce conflict (shift 12, reduce 28) on 'T_PRINT' in state 266
%% Shift/Reduce conflict (shift 11, reduce 28) on 'T_RETURN' in state 266
%% Shift/Reduce conflict (shift 10, reduce 28) on 'T_SWITCH' in state 266
%% Shift/Reduce conflict (shift 9, reduce 28) on 'T_VARIABLE' in state 266
%% Shift/Reduce conflict (shift 8, reduce 28) on 'T_WHILE' in state 266
%% Shift/Reduce conflict (shift 7, reduce 28) on 'open-paren' in state 266
%% Shift/Reduce conflict (shift 6, reduce 28) on 'open-brace' in state 266
%% Shift/Reduce conflict (shift 5, reduce 28) on 'null' in state 266
%% Shift/Reduce conflict (shift 4, reduce 28) on 'label' in state 266
%% Shift/Reduce conflict (shift 3, reduce 28) on 'true' in state 266
%% Shift/Reduce conflict (shift 2, reduce 28) on 'false' in state 266
%% Shift/Reduce conflict (shift 1, reduce 28) on 'exclaimation' in state 266
%% Shift/Reduce conflict (shift 25, reduce 27) on 'T_BREAK' in state 261
%% Shift/Reduce conflict (shift 24, reduce 27) on 'T_COMMENT' in state 261
%% Shift/Reduce conflict (shift 23, reduce 27) on 'T_CONSTANT_ENCAPSED_STRING' in state 261
%% Shift/Reduce conflict (shift 22, reduce 27) on 'T_CONTINUE' in state 261
%% Shift/Reduce conflict (shift 21, reduce 27) on 'T_DEC' in state 261
%% Shift/Reduce conflict (shift 20, reduce 27) on 'T_DO' in state 261
%% Shift/Reduce conflict (shift 19, reduce 27) on 'T_ECHO' in state 261
%% Shift/Reduce conflict (shift 18, reduce 27) on 'T_FOR' in state 261
%% Shift/Reduce conflict (shift 16, reduce 27) on 'T_IF' in state 261
%% Shift/Reduce conflict (shift 15, reduce 27) on 'T_INC' in state 261
%% Shift/Reduce conflict (shift 14, reduce 27) on 'T_INLINE_HTML' in state 261
%% Shift/Reduce conflict (shift 13, reduce 27) on 'T_LNUMBER' in state 261
%% Shift/Reduce conflict (shift 12, reduce 27) on 'T_PRINT' in state 261
%% Shift/Reduce conflict (shift 11, reduce 27) on 'T_RETURN' in state 261
%% Shift/Reduce conflict (shift 10, reduce 27) on 'T_SWITCH' in state 261
%% Shift/Reduce conflict (shift 9, reduce 27) on 'T_VARIABLE' in state 261
%% Shift/Reduce conflict (shift 8, reduce 27) on 'T_WHILE' in state 261
%% Shift/Reduce conflict (shift 7, reduce 27) on 'open-paren' in state 261
%% Shift/Reduce conflict (shift 6, reduce 27) on 'open-brace' in state 261
%% Shift/Reduce conflict (shift 5, reduce 27) on 'null' in state 261
%% Shift/Reduce conflict (shift 4, reduce 27) on 'label' in state 261
%% Shift/Reduce conflict (shift 3, reduce 27) on 'true' in state 261
%% Shift/Reduce conflict (shift 2, reduce 27) on 'false' in state 261
%% Shift/Reduce conflict (shift 1, reduce 27) on 'exclaimation' in state 261
%% Shift/Reduce conflict (shift 25, reduce 39) on 'T_BREAK' in state 260
%% Shift/Reduce conflict (shift 24, reduce 39) on 'T_COMMENT' in state 260
%% Shift/Reduce conflict (shift 23, reduce 39) on 'T_CONSTANT_ENCAPSED_STRING' in state 260
%% Shift/Reduce conflict (shift 22, reduce 39) on 'T_CONTINUE' in state 260
%% Shift/Reduce conflict (shift 21, reduce 39) on 'T_DEC' in state 260
%% Shift/Reduce conflict (shift 20, reduce 39) on 'T_DO' in state 260
%% Shift/Reduce conflict (shift 19, reduce 39) on 'T_ECHO' in state 260
%% Shift/Reduce conflict (shift 18, reduce 39) on 'T_FOR' in state 260
%% Shift/Reduce conflict (shift 16, reduce 39) on 'T_IF' in state 260
%% Shift/Reduce conflict (shift 15, reduce 39) on 'T_INC' in state 260
%% Shift/Reduce conflict (shift 14, reduce 39) on 'T_INLINE_HTML' in state 260
%% Shift/Reduce conflict (shift 13, reduce 39) on 'T_LNUMBER' in state 260
%% Shift/Reduce conflict (shift 12, reduce 39) on 'T_PRINT' in state 260
%% Shift/Reduce conflict (shift 11, reduce 39) on 'T_RETURN' in state 260
%% Shift/Reduce conflict (shift 10, reduce 39) on 'T_SWITCH' in state 260
%% Shift/Reduce conflict (shift 9, reduce 39) on 'T_VARIABLE' in state 260
%% Shift/Reduce conflict (shift 8, reduce 39) on 'T_WHILE' in state 260
%% Shift/Reduce conflict (shift 7, reduce 39) on 'open-paren' in state 260
%% Shift/Reduce conflict (shift 6, reduce 39) on 'open-brace' in state 260
%% Shift/Reduce conflict (shift 5, reduce 39) on 'null' in state 260
%% Shift/Reduce conflict (shift 4, reduce 39) on 'label' in state 260
%% Shift/Reduce conflict (shift 3, reduce 39) on 'true' in state 260
%% Shift/Reduce conflict (shift 2, reduce 39) on 'false' in state 260
%% Shift/Reduce conflict (shift 1, reduce 39) on 'exclaimation' in state 260
%% Shift/Reduce conflict (shift 25, reduce 38) on 'T_BREAK' in state 246
%% Shift/Reduce conflict (shift 24, reduce 38) on 'T_COMMENT' in state 246
%% Shift/Reduce conflict (shift 23, reduce 38) on 'T_CONSTANT_ENCAPSED_STRING' in state 246
%% Shift/Reduce conflict (shift 22, reduce 38) on 'T_CONTINUE' in state 246
%% Shift/Reduce conflict (shift 21, reduce 38) on 'T_DEC' in state 246
%% Shift/Reduce conflict (shift 20, reduce 38) on 'T_DO' in state 246
%% Shift/Reduce conflict (shift 19, reduce 38) on 'T_ECHO' in state 246
%% Shift/Reduce conflict (shift 18, reduce 38) on 'T_FOR' in state 246
%% Shift/Reduce conflict (shift 16, reduce 38) on 'T_IF' in state 246
%% Shift/Reduce conflict (shift 15, reduce 38) on 'T_INC' in state 246
%% Shift/Reduce conflict (shift 14, reduce 38) on 'T_INLINE_HTML' in state 246
%% Shift/Reduce conflict (shift 13, reduce 38) on 'T_LNUMBER' in state 246
%% Shift/Reduce conflict (shift 12, reduce 38) on 'T_PRINT' in state 246
%% Shift/Reduce conflict (shift 11, reduce 38) on 'T_RETURN' in state 246
%% Shift/Reduce conflict (shift 10, reduce 38) on 'T_SWITCH' in state 246
%% Shift/Reduce conflict (shift 9, reduce 38) on 'T_VARIABLE' in state 246
%% Shift/Reduce conflict (shift 8, reduce 38) on 'T_WHILE' in state 246
%% Shift/Reduce conflict (shift 7, reduce 38) on 'open-paren' in state 246
%% Shift/Reduce conflict (shift 6, reduce 38) on 'open-brace' in state 246
%% Shift/Reduce conflict (shift 5, reduce 38) on 'null' in state 246
%% Shift/Reduce conflict (shift 4, reduce 38) on 'label' in state 246
%% Shift/Reduce conflict (shift 3, reduce 38) on 'true' in state 246
%% Shift/Reduce conflict (shift 2, reduce 38) on 'false' in state 246
%% Shift/Reduce conflict (shift 1, reduce 38) on 'exclaimation' in state 246
%% Shift/Reduce conflict (shift 236, reduce 57) on 'T_ELSE' in state 217
%% Shift/Reduce conflict (shift 235, reduce 57) on 'T_ELSEIF' in state 217
%% Shift/Reduce conflict (shift 96, reduce 130) on 'T_LOGICAL_AND' in state 160
%% Shift/Reduce conflict (shift 95, reduce 132) on 'T_LOGICAL_XOR' in state 159
%% Shift/Reduce conflict (shift 134, reduce 77) on 'semi' in state 48
%% Shift/Reduce conflict (shift 96, reduce 129) on 'T_LOGICAL_AND' in state 30
%% Shift/Reduce conflict (shift 95, reduce 131) on 'T_LOGICAL_XOR' in state 29
%% Shift/Reduce conflict (shift 94, reduce 133) on 'T_LOGICAL_OR' in state 28
